Using pre-set license
Built from '2021.3/staging' branch; Version is '2021.3.9f1 (ad3870b89536) revision 11352176'; Using compiler version '192829333'; Build Type 'Release'
OS: 'Windows 11  (10.0.22000) 64bit Professional' Language: 'es' Physical Memory: 15711 MB
BatchMode: 1, IsHumanControllingUs: 0, StartBugReporterOnCrash: 0, Is64bit: 1, IsPro: 1

COMMAND LINE ARGUMENTS:
C:\Program Files\Unity\Hub\Editor\2021.3.9f1\Editor\Unity.exe
-adb2
-batchMode
-noUpm
-name
AssetImportWorker0
-projectPath
C:/Users/reyor/Secreto
-logFile
Logs/AssetImportWorker0.log
-srvPort
53802
Successfully changed project path to: C:/Users/reyor/Secreto
C:/Users/reyor/Secreto
[UnityMemory] Configuration Parameters - Can be set up in boot.config
    "memorysetup-bucket-allocator-granularity=16"
    "memorysetup-bucket-allocator-bucket-count=8"
    "memorysetup-bucket-allocator-block-size=33554432"
    "memorysetup-bucket-allocator-block-count=8"
    "memorysetup-main-allocator-block-size=16777216"
    "memorysetup-thread-allocator-block-size=16777216"
    "memorysetup-gfx-main-allocator-block-size=16777216"
    "memorysetup-gfx-thread-allocator-block-size=16777216"
    "memorysetup-cache-allocator-block-size=4194304"
    "memorysetup-typetree-allocator-block-size=2097152"
    "memorysetup-profiler-bucket-allocator-granularity=16"
    "memorysetup-profiler-bucket-allocator-bucket-count=8"
    "memorysetup-profiler-bucket-allocator-block-size=33554432"
    "memorysetup-profiler-bucket-allocator-block-count=8"
    "memorysetup-profiler-allocator-block-size=16777216"
    "memorysetup-profiler-editor-allocator-block-size=1048576"
    "memorysetup-temp-allocator-size-main=16777216"
    "memorysetup-job-temp-allocator-block-size=2097152"
    "memorysetup-job-temp-allocator-block-size-background=1048576"
    "memorysetup-job-temp-allocator-reduction-small-platforms=262144"
    "memorysetup-temp-allocator-size-background-worker=32768"
    "memorysetup-temp-allocator-size-job-worker=262144"
    "memorysetup-temp-allocator-size-preload-manager=33554432"
    "memorysetup-temp-allocator-size-nav-mesh-worker=65536"
    "memorysetup-temp-allocator-size-audio-worker=65536"
    "memorysetup-temp-allocator-size-cloud-worker=32768"
    "memorysetup-temp-allocator-size-gi-baking-worker=262144"
    "memorysetup-temp-allocator-size-gfx=262144"
Refreshing native plugins compatible for Editor in 90.12 ms, found 6 plugins.
Preloading 0 native plugins for Editor in 0.00 ms.
Initialize engine version: 2021.3.9f1 (ad3870b89536)
[Subsystems] Discovering subsystems at path C:/Program Files/Unity/Hub/Editor/2021.3.9f1/Editor/Data/Resources/UnitySubsystems
[Subsystems] Discovering subsystems at path C:/Users/reyor/Secreto/Assets
GfxDevice: creating device client; threaded=0; jobified=0
Direct3D:
    Version:  Direct3D 11.0 [level 11.1]
    Renderer: NVIDIA GeForce RTX 3060 (ID=0x2504)
    Vendor:   NVIDIA
    VRAM:     12142 MB
    Driver:   31.0.15.1694
Initialize mono
Mono path[0] = 'C:/Program Files/Unity/Hub/Editor/2021.3.9f1/Editor/Data/Managed'
Mono path[1] = 'C:/Program Files/Unity/Hub/Editor/2021.3.9f1/Editor/Data/MonoBleedingEdge/lib/mono/unityjit-win32'
Mono config path = 'C:/Program Files/Unity/Hub/Editor/2021.3.9f1/Editor/Data/MonoBleedingEdge/etc'
Using monoOptions --debugger-agent=transport=dt_socket,embedding=1,server=y,suspend=n,address=127.0.0.1:56076
Begin MonoManager ReloadAssembly
Registering precompiled unity dll's ...
Register platform support module: C:/Program Files/Unity/Hub/Editor/2021.3.9f1/Editor/Data/PlaybackEngines/WebGLSupport/UnityEditor.WebGL.Extensions.dll
Register platform support module: C:/Program Files/Unity/Hub/Editor/2021.3.9f1/Editor/Data/PlaybackEngines/WindowsStandaloneSupport/UnityEditor.WindowsStandalone.Extensions.dll
Registered in 0.003902 seconds.
Native extension for WindowsStandalone target not found
Native extension for WebGL target not found
Refreshing native plugins compatible for Editor in 84.62 ms, found 6 plugins.
Preloading 0 native plugins for Editor in 0.00 ms.
Mono: successfully reloaded assembly
- Completed reload, in  0.509 seconds
Domain Reload Profiling:
	ReloadAssembly (509ms)
		BeginReloadAssembly (53ms)
			ExecutionOrderSort (0ms)
			DisableScriptedObjects (0ms)
			BackupInstance (0ms)
			ReleaseScriptingObjects (0ms)
			CreateAndSetChildDomain (1ms)
		EndReloadAssembly (366ms)
			LoadAssemblies (51ms)
			RebuildTransferFunctionScriptingTraits (0ms)
			SetupTypeCache (76ms)
			ReleaseScriptCaches (0ms)
			RebuildScriptCaches (18ms)
			SetupLoadedEditorAssemblies (232ms)
				LogAssemblyErrors (0ms)
				InitializePlatformSupportModulesInManaged (7ms)
				SetLoadedEditorAssemblies (0ms)
				RefreshPlugins (85ms)
				BeforeProcessingInitializeOnLoad (1ms)
				ProcessInitializeOnLoadAttributes (106ms)
				ProcessInitializeOnLoadMethodAttributes (33ms)
				AfterProcessingInitializeOnLoad (0ms)
				EditorAssembliesLoaded (0ms)
			ExecutionOrderSort2 (0ms)
			AwakeInstancesAfterBackupRestoration (0ms)
Platform modules already initialized, skipping
Registering precompiled user dll's ...
Registered in 0.006218 seconds.
Begin MonoManager ReloadAssembly
Symbol file LoadedFromMemory doesn't match image C:\Users\reyor\Secreto\Library\PackageCache\com.unity.visualscripting@1.7.8\Editor\VisualScripting.Core\Dependencies\YamlDotNet\Unity.VisualScripting.YamlDotNet.dll
Symbol file LoadedFromMemory doesn't match image C:\Users\reyor\Secreto\Library\PackageCache\com.unity.visualscripting@1.7.8\Editor\VisualScripting.Core\Dependencies\DotNetZip\Unity.VisualScripting.IonicZip.dll
Native extension for WindowsStandalone target not found
Native extension for WebGL target not found
Refreshing native plugins compatible for Editor in 90.69 ms, found 6 plugins.
Preloading 0 native plugins for Editor in 0.00 ms.
Mono: successfully reloaded assembly
- Completed reload, in  0.999 seconds
Domain Reload Profiling:
	ReloadAssembly (999ms)
		BeginReloadAssembly (85ms)
			ExecutionOrderSort (0ms)
			DisableScriptedObjects (5ms)
			BackupInstance (0ms)
			ReleaseScriptingObjects (0ms)
			CreateAndSetChildDomain (17ms)
		EndReloadAssembly (811ms)
			LoadAssemblies (69ms)
			RebuildTransferFunctionScriptingTraits (0ms)
			SetupTypeCache (198ms)
			ReleaseScriptCaches (1ms)
			RebuildScriptCaches (45ms)
			SetupLoadedEditorAssemblies (461ms)
				LogAssemblyErrors (0ms)
				InitializePlatformSupportModulesInManaged (4ms)
				SetLoadedEditorAssemblies (0ms)
				RefreshPlugins (91ms)
				BeforeProcessingInitializeOnLoad (78ms)
				ProcessInitializeOnLoadAttributes (244ms)
				ProcessInitializeOnLoadMethodAttributes (38ms)
				AfterProcessingInitializeOnLoad (5ms)
				EditorAssembliesLoaded (0ms)
			ExecutionOrderSort2 (0ms)
			AwakeInstancesAfterBackupRestoration (4ms)
Platform modules already initialized, skipping
========================================================================
Worker process is ready to serve import requests
Launched and connected shader compiler UnityShaderCompiler.exe after 0.03 seconds
Refreshing native plugins compatible for Editor in 0.84 ms, found 6 plugins.
Preloading 0 native plugins for Editor in 0.00 ms.
Unloading 4650 Unused Serialized files (Serialized files now loaded: 0)
Unloading 48 unused Assets / (170.8 KB). Loaded Objects now: 5134.
Memory consumption went from 268.0 MB to 267.9 MB.
Total: 3.717300 ms (FindLiveObjects: 0.341100 ms CreateObjectMapping: 0.127300 ms MarkObjects: 3.096800 ms  DeleteObjects: 0.151000 ms)

AssetImportParameters requested are different than current active one (requested -> active):
  custom:video-decoder-ogg-theora: a1e56fd34408186e4bbccfd4996cb3dc -> 
  custom:container-muxer-webm: aa71ff27fc2769a1b78a27578f13a17b -> 
  custom:container-demuxer-webm: 4f35f7cbe854078d1ac9338744f61a02 -> 
  custom:video-encoder-webm-vp8: eb34c28f22e8b96e1ab97ce403110664 -> 
  custom:audio-encoder-webm-vorbis: bf7c407c2cedff20999df2af8eb42d56 -> 
  custom:framework-win-MediaFoundation: 216162199b28c13a410421893ffa2e32 -> 
  custom:container-demuxer-ogg: 62fdf1f143b41e24485cea50d1cbac27 -> 
  custom:video-decoder-webm-vp8: 9c59270c3fd7afecdb556c50c9e8de78 -> 
  custom:audio-decoder-ogg-vorbis: bf7c407c2cedff20999df2af8eb42d56 -> 
========================================================================
Received Import Request.
  Time since last request: 8151.618607 seconds.
  path: Assets/Scenes/Plataformas.unity
  artifactKey: Guid(9d8dc89d5ac334c458f84a9a62eda046) Importer(815301076,1909f56bfc062723c751e8b465ee728b)
Start importing Assets/Scenes/Plataformas.unity using Guid(9d8dc89d5ac334c458f84a9a62eda046) Importer(815301076,1909f56bfc062723c751e8b465ee728b)  -> (artifact id: '3fa3b04216ab3a61277cbfcad1d08655') in 0.012933 seconds 
========================================================================
Received Import Request.
  Time since last request: 26.619870 seconds.
  path: Assets/Scripts/Plataformas/Platfomer.cs
  artifactKey: Guid(47a747d393278754ab177a86f70330b3) Importer(815301076,1909f56bfc062723c751e8b465ee728b)
Start importing Assets/Scripts/Plataformas/Platfomer.cs using Guid(47a747d393278754ab177a86f70330b3) Importer(815301076,1909f56bfc062723c751e8b465ee728b)  -> (artifact id: '80f9bad0e2324bbdfa15874916f3f14e') in 0.020575 seconds 
========================================================================
Received Prepare
Registering precompiled user dll's ...
Registered in 0.010103 seconds.
Begin MonoManager ReloadAssembly
Symbol file LoadedFromMemory doesn't match image C:\Users\reyor\Secreto\Library\PackageCache\com.unity.visualscripting@1.7.8\Editor\VisualScripting.Core\Dependencies\YamlDotNet\Unity.VisualScripting.YamlDotNet.dll
Symbol file LoadedFromMemory doesn't match image C:\Users\reyor\Secreto\Library\PackageCache\com.unity.visualscripting@1.7.8\Editor\VisualScripting.Core\Dependencies\DotNetZip\Unity.VisualScripting.IonicZip.dll
Native extension for WindowsStandalone target not found
Native extension for WebGL target not found
Refreshing native plugins compatible for Editor in 1.03 ms, found 6 plugins.
Preloading 0 native plugins for Editor in 0.00 ms.
Mono: successfully reloaded assembly
- Completed reload, in  1.179 seconds
Domain Reload Profiling:
	ReloadAssembly (1180ms)
		BeginReloadAssembly (200ms)
			ExecutionOrderSort (0ms)
			DisableScriptedObjects (13ms)
			BackupInstance (0ms)
			ReleaseScriptingObjects (0ms)
			CreateAndSetChildDomain (58ms)
		EndReloadAssembly (876ms)
			LoadAssemblies (113ms)
			RebuildTransferFunctionScriptingTraits (0ms)
			SetupTypeCache (236ms)
			ReleaseScriptCaches (2ms)
			RebuildScriptCaches (60ms)
			SetupLoadedEditorAssemblies (426ms)
				LogAssemblyErrors (0ms)
				InitializePlatformSupportModulesInManaged (16ms)
				SetLoadedEditorAssemblies (0ms)
				RefreshPlugins (1ms)
				BeforeProcessingInitializeOnLoad (98ms)
				ProcessInitializeOnLoadAttributes (267ms)
				ProcessInitializeOnLoadMethodAttributes (38ms)
				AfterProcessingInitializeOnLoad (5ms)
				EditorAssembliesLoaded (0ms)
			ExecutionOrderSort2 (0ms)
			AwakeInstancesAfterBackupRestoration (8ms)
Platform modules already initialized, skipping
Refreshing native plugins compatible for Editor in 3.16 ms, found 6 plugins.
Preloading 0 native plugins for Editor in 0.00 ms.
Unloading 4621 Unused Serialized files (Serialized files now loaded: 0)
Unloading 33 unused Assets / (138.3 KB). Loaded Objects now: 5137.
Memory consumption went from 265.6 MB to 265.5 MB.
Total: 3.599700 ms (FindLiveObjects: 0.605800 ms CreateObjectMapping: 0.185600 ms MarkObjects: 2.664900 ms  DeleteObjects: 0.142400 ms)

AssetImportParameters requested are different than current active one (requested -> active):
  custom:video-decoder-ogg-theora: a1e56fd34408186e4bbccfd4996cb3dc -> 
  custom:container-muxer-webm: aa71ff27fc2769a1b78a27578f13a17b -> 
  custom:container-demuxer-webm: 4f35f7cbe854078d1ac9338744f61a02 -> 
  custom:video-encoder-webm-vp8: eb34c28f22e8b96e1ab97ce403110664 -> 
  custom:audio-encoder-webm-vorbis: bf7c407c2cedff20999df2af8eb42d56 -> 
  custom:framework-win-MediaFoundation: 216162199b28c13a410421893ffa2e32 -> 
  custom:container-demuxer-ogg: 62fdf1f143b41e24485cea50d1cbac27 -> 
  custom:video-decoder-webm-vp8: 9c59270c3fd7afecdb556c50c9e8de78 -> 
  custom:audio-decoder-ogg-vorbis: bf7c407c2cedff20999df2af8eb42d56 -> 
========================================================================
Received Import Request.
  Time since last request: 141.758578 seconds.
  path: Assets/Scripts/Plataformas/Platfomer.cs
  artifactKey: Guid(47a747d393278754ab177a86f70330b3) Importer(815301076,1909f56bfc062723c751e8b465ee728b)
Start importing Assets/Scripts/Plataformas/Platfomer.cs using Guid(47a747d393278754ab177a86f70330b3) Importer(815301076,1909f56bfc062723c751e8b465ee728b)  -> (artifact id: '8654714c9c5090eb18720fa1f9eef1eb') in 0.009795 seconds 
========================================================================
Received Prepare
Registering precompiled user dll's ...
Registered in 0.007715 seconds.
Begin MonoManager ReloadAssembly
Symbol file LoadedFromMemory doesn't match image C:\Users\reyor\Secreto\Library\PackageCache\com.unity.visualscripting@1.7.8\Editor\VisualScripting.Core\Dependencies\YamlDotNet\Unity.VisualScripting.YamlDotNet.dll
Symbol file LoadedFromMemory doesn't match image C:\Users\reyor\Secreto\Library\PackageCache\com.unity.visualscripting@1.7.8\Editor\VisualScripting.Core\Dependencies\DotNetZip\Unity.VisualScripting.IonicZip.dll
Native extension for WindowsStandalone target not found
Native extension for WebGL target not found
Refreshing native plugins compatible for Editor in 0.92 ms, found 6 plugins.
Preloading 0 native plugins for Editor in 0.00 ms.
Mono: successfully reloaded assembly
- Completed reload, in  1.000 seconds
Domain Reload Profiling:
	ReloadAssembly (1001ms)
		BeginReloadAssembly (131ms)
			ExecutionOrderSort (0ms)
			DisableScriptedObjects (7ms)
			BackupInstance (0ms)
			ReleaseScriptingObjects (0ms)
			CreateAndSetChildDomain (41ms)
		EndReloadAssembly (778ms)
			LoadAssemblies (84ms)
			RebuildTransferFunctionScriptingTraits (0ms)
			SetupTypeCache (241ms)
			ReleaseScriptCaches (2ms)
			RebuildScriptCaches (40ms)
			SetupLoadedEditorAssemblies (364ms)
				LogAssemblyErrors (0ms)
				InitializePlatformSupportModulesInManaged (11ms)
				SetLoadedEditorAssemblies (0ms)
				RefreshPlugins (1ms)
				BeforeProcessingInitializeOnLoad (72ms)
				ProcessInitializeOnLoadAttributes (227ms)
				ProcessInitializeOnLoadMethodAttributes (44ms)
				AfterProcessingInitializeOnLoad (7ms)
				EditorAssembliesLoaded (0ms)
			ExecutionOrderSort2 (0ms)
			AwakeInstancesAfterBackupRestoration (6ms)
Platform modules already initialized, skipping
Refreshing native plugins compatible for Editor in 4.68 ms, found 6 plugins.
Preloading 0 native plugins for Editor in 0.00 ms.
Unloading 4621 Unused Serialized files (Serialized files now loaded: 0)
Unloading 33 unused Assets / (138.3 KB). Loaded Objects now: 5140.
Memory consumption went from 265.6 MB to 265.5 MB.
Total: 3.244000 ms (FindLiveObjects: 0.363500 ms CreateObjectMapping: 0.109900 ms MarkObjects: 2.630300 ms  DeleteObjects: 0.138500 ms)

AssetImportParameters requested are different than current active one (requested -> active):
  custom:video-decoder-ogg-theora: a1e56fd34408186e4bbccfd4996cb3dc -> 
  custom:container-muxer-webm: aa71ff27fc2769a1b78a27578f13a17b -> 
  custom:container-demuxer-webm: 4f35f7cbe854078d1ac9338744f61a02 -> 
  custom:video-encoder-webm-vp8: eb34c28f22e8b96e1ab97ce403110664 -> 
  custom:audio-encoder-webm-vorbis: bf7c407c2cedff20999df2af8eb42d56 -> 
  custom:framework-win-MediaFoundation: 216162199b28c13a410421893ffa2e32 -> 
  custom:container-demuxer-ogg: 62fdf1f143b41e24485cea50d1cbac27 -> 
  custom:video-decoder-webm-vp8: 9c59270c3fd7afecdb556c50c9e8de78 -> 
  custom:audio-decoder-ogg-vorbis: bf7c407c2cedff20999df2af8eb42d56 -> 
========================================================================
Received Prepare
Registering precompiled user dll's ...
Registered in 0.005823 seconds.
Begin MonoManager ReloadAssembly
Symbol file LoadedFromMemory doesn't match image C:\Users\reyor\Secreto\Library\PackageCache\com.unity.visualscripting@1.7.8\Editor\VisualScripting.Core\Dependencies\YamlDotNet\Unity.VisualScripting.YamlDotNet.dll
Symbol file LoadedFromMemory doesn't match image C:\Users\reyor\Secreto\Library\PackageCache\com.unity.visualscripting@1.7.8\Editor\VisualScripting.Core\Dependencies\DotNetZip\Unity.VisualScripting.IonicZip.dll
Native extension for WindowsStandalone target not found
Native extension for WebGL target not found
Refreshing native plugins compatible for Editor in 0.91 ms, found 6 plugins.
Preloading 0 native plugins for Editor in 0.00 ms.
Mono: successfully reloaded assembly
- Completed reload, in  1.067 seconds
Domain Reload Profiling:
	ReloadAssembly (1068ms)
		BeginReloadAssembly (121ms)
			ExecutionOrderSort (0ms)
			DisableScriptedObjects (5ms)
			BackupInstance (0ms)
			ReleaseScriptingObjects (0ms)
			CreateAndSetChildDomain (40ms)
		EndReloadAssembly (849ms)
			LoadAssemblies (86ms)
			RebuildTransferFunctionScriptingTraits (0ms)
			SetupTypeCache (269ms)
			ReleaseScriptCaches (2ms)
			RebuildScriptCaches (45ms)
			SetupLoadedEditorAssemblies (387ms)
				LogAssemblyErrors (0ms)
				InitializePlatformSupportModulesInManaged (13ms)
				SetLoadedEditorAssemblies (0ms)
				RefreshPlugins (1ms)
				BeforeProcessingInitializeOnLoad (72ms)
				ProcessInitializeOnLoadAttributes (256ms)
				ProcessInitializeOnLoadMethodAttributes (39ms)
				AfterProcessingInitializeOnLoad (6ms)
				EditorAssembliesLoaded (0ms)
			ExecutionOrderSort2 (0ms)
			AwakeInstancesAfterBackupRestoration (8ms)
Platform modules already initialized, skipping
Refreshing native plugins compatible for Editor in 2.99 ms, found 6 plugins.
Preloading 0 native plugins for Editor in 0.00 ms.
Unloading 4621 Unused Serialized files (Serialized files now loaded: 0)
Unloading 33 unused Assets / (138.3 KB). Loaded Objects now: 5143.
Memory consumption went from 265.6 MB to 265.5 MB.
Total: 3.538600 ms (FindLiveObjects: 0.425100 ms CreateObjectMapping: 0.132100 ms MarkObjects: 2.827200 ms  DeleteObjects: 0.152400 ms)

AssetImportParameters requested are different than current active one (requested -> active):
  custom:video-decoder-ogg-theora: a1e56fd34408186e4bbccfd4996cb3dc -> 
  custom:container-muxer-webm: aa71ff27fc2769a1b78a27578f13a17b -> 
  custom:container-demuxer-webm: 4f35f7cbe854078d1ac9338744f61a02 -> 
  custom:video-encoder-webm-vp8: eb34c28f22e8b96e1ab97ce403110664 -> 
  custom:audio-encoder-webm-vorbis: bf7c407c2cedff20999df2af8eb42d56 -> 
  custom:framework-win-MediaFoundation: 216162199b28c13a410421893ffa2e32 -> 
  custom:container-demuxer-ogg: 62fdf1f143b41e24485cea50d1cbac27 -> 
  custom:video-decoder-webm-vp8: 9c59270c3fd7afecdb556c50c9e8de78 -> 
  custom:audio-decoder-ogg-vorbis: bf7c407c2cedff20999df2af8eb42d56 -> 
========================================================================
Received Prepare
Registering precompiled user dll's ...
Registered in 0.006228 seconds.
Begin MonoManager ReloadAssembly
Symbol file LoadedFromMemory doesn't match image C:\Users\reyor\Secreto\Library\PackageCache\com.unity.visualscripting@1.7.8\Editor\VisualScripting.Core\Dependencies\YamlDotNet\Unity.VisualScripting.YamlDotNet.dll
Symbol file LoadedFromMemory doesn't match image C:\Users\reyor\Secreto\Library\PackageCache\com.unity.visualscripting@1.7.8\Editor\VisualScripting.Core\Dependencies\DotNetZip\Unity.VisualScripting.IonicZip.dll
Native extension for WindowsStandalone target not found
Native extension for WebGL target not found
Refreshing native plugins compatible for Editor in 0.94 ms, found 6 plugins.
Preloading 0 native plugins for Editor in 0.00 ms.
Mono: successfully reloaded assembly
- Completed reload, in  0.926 seconds
Domain Reload Profiling:
	ReloadAssembly (927ms)
		BeginReloadAssembly (118ms)
			ExecutionOrderSort (0ms)
			DisableScriptedObjects (5ms)
			BackupInstance (0ms)
			ReleaseScriptingObjects (0ms)
			CreateAndSetChildDomain (38ms)
		EndReloadAssembly (727ms)
			LoadAssemblies (82ms)
			RebuildTransferFunctionScriptingTraits (0ms)
			SetupTypeCache (225ms)
			ReleaseScriptCaches (1ms)
			RebuildScriptCaches (37ms)
			SetupLoadedEditorAssemblies (337ms)
				LogAssemblyErrors (0ms)
				InitializePlatformSupportModulesInManaged (11ms)
				SetLoadedEditorAssemblies (0ms)
				RefreshPlugins (1ms)
				BeforeProcessingInitializeOnLoad (65ms)
				ProcessInitializeOnLoadAttributes (223ms)
				ProcessInitializeOnLoadMethodAttributes (32ms)
				AfterProcessingInitializeOnLoad (5ms)
				EditorAssembliesLoaded (0ms)
			ExecutionOrderSort2 (0ms)
			AwakeInstancesAfterBackupRestoration (6ms)
Platform modules already initialized, skipping
Refreshing native plugins compatible for Editor in 4.78 ms, found 6 plugins.
Preloading 0 native plugins for Editor in 0.00 ms.
Unloading 4621 Unused Serialized files (Serialized files now loaded: 0)
Unloading 33 unused Assets / (138.5 KB). Loaded Objects now: 5146.
Memory consumption went from 265.6 MB to 265.5 MB.
Total: 4.131500 ms (FindLiveObjects: 0.502200 ms CreateObjectMapping: 0.148400 ms MarkObjects: 3.304200 ms  DeleteObjects: 0.175600 ms)

AssetImportParameters requested are different than current active one (requested -> active):
  custom:video-decoder-ogg-theora: a1e56fd34408186e4bbccfd4996cb3dc -> 
  custom:container-muxer-webm: aa71ff27fc2769a1b78a27578f13a17b -> 
  custom:container-demuxer-webm: 4f35f7cbe854078d1ac9338744f61a02 -> 
  custom:video-encoder-webm-vp8: eb34c28f22e8b96e1ab97ce403110664 -> 
  custom:audio-encoder-webm-vorbis: bf7c407c2cedff20999df2af8eb42d56 -> 
  custom:framework-win-MediaFoundation: 216162199b28c13a410421893ffa2e32 -> 
  custom:container-demuxer-ogg: 62fdf1f143b41e24485cea50d1cbac27 -> 
  custom:video-decoder-webm-vp8: 9c59270c3fd7afecdb556c50c9e8de78 -> 
  custom:audio-decoder-ogg-vorbis: bf7c407c2cedff20999df2af8eb42d56 -> 
========================================================================
Received Import Request.
  Time since last request: 148.916405 seconds.
  path: Assets/Prefab/Plataformas/PlayerInputHandler.prefab
  artifactKey: Guid(1a34106177ff06c46b44a1a74bf779e8) Importer(815301076,1909f56bfc062723c751e8b465ee728b)
Start importing Assets/Prefab/Plataformas/PlayerInputHandler.prefab using Guid(1a34106177ff06c46b44a1a74bf779e8) Importer(815301076,1909f56bfc062723c751e8b465ee728b)  -> (artifact id: '4a97e843169d91aacbc8f6c63c77f646') in 0.129742 seconds 
========================================================================
Received Import Request.
  Time since last request: 10.231048 seconds.
  path: Assets/Prefab/Plataformas/PlayerInputHandler.prefab
  artifactKey: Guid(1a34106177ff06c46b44a1a74bf779e8) Importer(815301076,1909f56bfc062723c751e8b465ee728b)
Start importing Assets/Prefab/Plataformas/PlayerInputHandler.prefab using Guid(1a34106177ff06c46b44a1a74bf779e8) Importer(815301076,1909f56bfc062723c751e8b465ee728b)  -> (artifact id: '858779292453705900388a05a9e496cf') in 0.027816 seconds 
========================================================================
Received Import Request.
  Time since last request: 0.503883 seconds.
  path: Assets/Prefab/Plataformas/PlayerInputHandler.prefab
  artifactKey: Guid(1a34106177ff06c46b44a1a74bf779e8) Importer(815301076,1909f56bfc062723c751e8b465ee728b)
Start importing Assets/Prefab/Plataformas/PlayerInputHandler.prefab using Guid(1a34106177ff06c46b44a1a74bf779e8) Importer(815301076,1909f56bfc062723c751e8b465ee728b)  -> (artifact id: '55913541fbeaabaae0f5299d51eca738') in 0.014330 seconds 
========================================================================
Received Import Request.
  Time since last request: 25.855475 seconds.
  path: Assets/Prefab/Plataformas/PlayerInputHandler.prefab
  artifactKey: Guid(1a34106177ff06c46b44a1a74bf779e8) Importer(815301076,1909f56bfc062723c751e8b465ee728b)
Start importing Assets/Prefab/Plataformas/PlayerInputHandler.prefab using Guid(1a34106177ff06c46b44a1a74bf779e8) Importer(815301076,1909f56bfc062723c751e8b465ee728b)  -> (artifact id: '5af3242f9575297a13dc5e7a13ec0dfd') in 0.017025 seconds 
========================================================================
Received Import Request.
  Time since last request: 8.642595 seconds.
  path: Assets/Prefab/Plataformas/PlayerInputHandler.prefab
  artifactKey: Guid(1a34106177ff06c46b44a1a74bf779e8) Importer(815301076,1909f56bfc062723c751e8b465ee728b)
Start importing Assets/Prefab/Plataformas/PlayerInputHandler.prefab using Guid(1a34106177ff06c46b44a1a74bf779e8) Importer(815301076,1909f56bfc062723c751e8b465ee728b)  -> (artifact id: '9e1525e3aaf2bbd44be0470835a9636d') in 0.021271 seconds 
========================================================================
Received Import Request.
  Time since last request: 4.207642 seconds.
  path: Assets/Prefab/Plataformas/PlayerInputHandler.prefab
  artifactKey: Guid(1a34106177ff06c46b44a1a74bf779e8) Importer(815301076,1909f56bfc062723c751e8b465ee728b)
Start importing Assets/Prefab/Plataformas/PlayerInputHandler.prefab using Guid(1a34106177ff06c46b44a1a74bf779e8) Importer(815301076,1909f56bfc062723c751e8b465ee728b)  -> (artifact id: '20c6ac3d71e71848a6b85665e9920f9e') in 0.014774 seconds 
========================================================================
Received Prepare
Registering precompiled user dll's ...
Registered in 0.006033 seconds.
Begin MonoManager ReloadAssembly
Symbol file LoadedFromMemory doesn't match image C:\Users\reyor\Secreto\Library\PackageCache\com.unity.visualscripting@1.7.8\Editor\VisualScripting.Core\Dependencies\YamlDotNet\Unity.VisualScripting.YamlDotNet.dll
Symbol file LoadedFromMemory doesn't match image C:\Users\reyor\Secreto\Library\PackageCache\com.unity.visualscripting@1.7.8\Editor\VisualScripting.Core\Dependencies\DotNetZip\Unity.VisualScripting.IonicZip.dll
Native extension for WindowsStandalone target not found
Native extension for WebGL target not found
Refreshing native plugins compatible for Editor in 0.94 ms, found 6 plugins.
Preloading 0 native plugins for Editor in 0.00 ms.
Mono: successfully reloaded assembly
- Completed reload, in  1.031 seconds
Domain Reload Profiling:
	ReloadAssembly (1032ms)
		BeginReloadAssembly (120ms)
			ExecutionOrderSort (0ms)
			DisableScriptedObjects (7ms)
			BackupInstance (0ms)
			ReleaseScriptingObjects (0ms)
			CreateAndSetChildDomain (42ms)
		EndReloadAssembly (822ms)
			LoadAssemblies (79ms)
			RebuildTransferFunctionScriptingTraits (0ms)
			SetupTypeCache (253ms)
			ReleaseScriptCaches (2ms)
			RebuildScriptCaches (47ms)
			SetupLoadedEditorAssemblies (379ms)
				LogAssemblyErrors (0ms)
				InitializePlatformSupportModulesInManaged (12ms)
				SetLoadedEditorAssemblies (0ms)
				RefreshPlugins (1ms)
				BeforeProcessingInitializeOnLoad (70ms)
				ProcessInitializeOnLoadAttributes (246ms)
				ProcessInitializeOnLoadMethodAttributes (41ms)
				AfterProcessingInitializeOnLoad (8ms)
				EditorAssembliesLoaded (0ms)
			ExecutionOrderSort2 (0ms)
			AwakeInstancesAfterBackupRestoration (7ms)
Platform modules already initialized, skipping
Refreshing native plugins compatible for Editor in 3.87 ms, found 6 plugins.
Preloading 0 native plugins for Editor in 0.00 ms.
Unloading 4621 Unused Serialized files (Serialized files now loaded: 0)
Unloading 33 unused Assets / (139.4 KB). Loaded Objects now: 5156.
Memory consumption went from 269.8 MB to 269.7 MB.
Total: 3.340200 ms (FindLiveObjects: 0.334900 ms CreateObjectMapping: 0.156700 ms MarkObjects: 2.719200 ms  DeleteObjects: 0.128300 ms)

AssetImportParameters requested are different than current active one (requested -> active):
  custom:video-decoder-ogg-theora: a1e56fd34408186e4bbccfd4996cb3dc -> 
  custom:container-muxer-webm: aa71ff27fc2769a1b78a27578f13a17b -> 
  custom:container-demuxer-webm: 4f35f7cbe854078d1ac9338744f61a02 -> 
  custom:video-encoder-webm-vp8: eb34c28f22e8b96e1ab97ce403110664 -> 
  custom:audio-encoder-webm-vorbis: bf7c407c2cedff20999df2af8eb42d56 -> 
  custom:framework-win-MediaFoundation: 216162199b28c13a410421893ffa2e32 -> 
  custom:container-demuxer-ogg: 62fdf1f143b41e24485cea50d1cbac27 -> 
  custom:video-decoder-webm-vp8: 9c59270c3fd7afecdb556c50c9e8de78 -> 
  custom:audio-decoder-ogg-vorbis: bf7c407c2cedff20999df2af8eb42d56 -> 
========================================================================
Received Import Request.
  Time since last request: 29.669377 seconds.
  path: Assets/Prefab/Plataformas/PlayerInputHandler.prefab
  artifactKey: Guid(1a34106177ff06c46b44a1a74bf779e8) Importer(815301076,1909f56bfc062723c751e8b465ee728b)
Start importing Assets/Prefab/Plataformas/PlayerInputHandler.prefab using Guid(1a34106177ff06c46b44a1a74bf779e8) Importer(815301076,1909f56bfc062723c751e8b465ee728b)  -> (artifact id: '731a096b27e29e5ba201e42bc9d11182') in 0.072935 seconds 
========================================================================
Received Prepare
Registering precompiled user dll's ...
Registered in 0.005835 seconds.
Begin MonoManager ReloadAssembly
Symbol file LoadedFromMemory doesn't match image C:\Users\reyor\Secreto\Library\PackageCache\com.unity.visualscripting@1.7.8\Editor\VisualScripting.Core\Dependencies\YamlDotNet\Unity.VisualScripting.YamlDotNet.dll
Symbol file LoadedFromMemory doesn't match image C:\Users\reyor\Secreto\Library\PackageCache\com.unity.visualscripting@1.7.8\Editor\VisualScripting.Core\Dependencies\DotNetZip\Unity.VisualScripting.IonicZip.dll
Native extension for WindowsStandalone target not found
Native extension for WebGL target not found
Refreshing native plugins compatible for Editor in 0.97 ms, found 6 plugins.
Preloading 0 native plugins for Editor in 0.00 ms.
Mono: successfully reloaded assembly
- Completed reload, in  1.015 seconds
Domain Reload Profiling:
	ReloadAssembly (1016ms)
		BeginReloadAssembly (115ms)
			ExecutionOrderSort (0ms)
			DisableScriptedObjects (5ms)
			BackupInstance (0ms)
			ReleaseScriptingObjects (0ms)
			CreateAndSetChildDomain (40ms)
		EndReloadAssembly (814ms)
			LoadAssemblies (80ms)
			RebuildTransferFunctionScriptingTraits (0ms)
			SetupTypeCache (239ms)
			ReleaseScriptCaches (2ms)
			RebuildScriptCaches (50ms)
			SetupLoadedEditorAssemblies (381ms)
				LogAssemblyErrors (0ms)
				InitializePlatformSupportModulesInManaged (12ms)
				SetLoadedEditorAssemblies (0ms)
				RefreshPlugins (1ms)
				BeforeProcessingInitializeOnLoad (73ms)
				ProcessInitializeOnLoadAttributes (247ms)
				ProcessInitializeOnLoadMethodAttributes (40ms)
				AfterProcessingInitializeOnLoad (7ms)
				EditorAssembliesLoaded (0ms)
			ExecutionOrderSort2 (0ms)
			AwakeInstancesAfterBackupRestoration (8ms)
Platform modules already initialized, skipping
Refreshing native plugins compatible for Editor in 3.76 ms, found 6 plugins.
Preloading 0 native plugins for Editor in 0.00 ms.
Unloading 4621 Unused Serialized files (Serialized files now loaded: 0)
Unloading 33 unused Assets / (138.5 KB). Loaded Objects now: 5159.
Memory consumption went from 269.8 MB to 269.7 MB.
Total: 4.077400 ms (FindLiveObjects: 0.302800 ms CreateObjectMapping: 0.154000 ms MarkObjects: 3.369900 ms  DeleteObjects: 0.249600 ms)

AssetImportParameters requested are different than current active one (requested -> active):
  custom:video-decoder-ogg-theora: a1e56fd34408186e4bbccfd4996cb3dc -> 
  custom:container-muxer-webm: aa71ff27fc2769a1b78a27578f13a17b -> 
  custom:container-demuxer-webm: 4f35f7cbe854078d1ac9338744f61a02 -> 
  custom:video-encoder-webm-vp8: eb34c28f22e8b96e1ab97ce403110664 -> 
  custom:audio-encoder-webm-vorbis: bf7c407c2cedff20999df2af8eb42d56 -> 
  custom:framework-win-MediaFoundation: 216162199b28c13a410421893ffa2e32 -> 
  custom:container-demuxer-ogg: 62fdf1f143b41e24485cea50d1cbac27 -> 
  custom:video-decoder-webm-vp8: 9c59270c3fd7afecdb556c50c9e8de78 -> 
  custom:audio-decoder-ogg-vorbis: bf7c407c2cedff20999df2af8eb42d56 -> 
========================================================================
Received Import Request.
  Time since last request: 40.713507 seconds.
  path: Assets/Prefab/Plataformas/PlayerInputHandler.prefab
  artifactKey: Guid(1a34106177ff06c46b44a1a74bf779e8) Importer(815301076,1909f56bfc062723c751e8b465ee728b)
Start importing Assets/Prefab/Plataformas/PlayerInputHandler.prefab using Guid(1a34106177ff06c46b44a1a74bf779e8) Importer(815301076,1909f56bfc062723c751e8b465ee728b)  -> (artifact id: '34fdd338f598fd09fd67b00a05cbfc2e') in 0.065151 seconds 
========================================================================
Received Prepare
Registering precompiled user dll's ...
Registered in 0.007008 seconds.
Begin MonoManager ReloadAssembly
Symbol file LoadedFromMemory doesn't match image C:\Users\reyor\Secreto\Library\PackageCache\com.unity.visualscripting@1.7.8\Editor\VisualScripting.Core\Dependencies\YamlDotNet\Unity.VisualScripting.YamlDotNet.dll
Symbol file LoadedFromMemory doesn't match image C:\Users\reyor\Secreto\Library\PackageCache\com.unity.visualscripting@1.7.8\Editor\VisualScripting.Core\Dependencies\DotNetZip\Unity.VisualScripting.IonicZip.dll
Native extension for WindowsStandalone target not found
Native extension for WebGL target not found
Refreshing native plugins compatible for Editor in 0.85 ms, found 6 plugins.
Preloading 0 native plugins for Editor in 0.00 ms.
Mono: successfully reloaded assembly
- Completed reload, in  1.019 seconds
Domain Reload Profiling:
	ReloadAssembly (1020ms)
		BeginReloadAssembly (117ms)
			ExecutionOrderSort (0ms)
			DisableScriptedObjects (7ms)
			BackupInstance (0ms)
			ReleaseScriptingObjects (0ms)
			CreateAndSetChildDomain (37ms)
		EndReloadAssembly (821ms)
			LoadAssemblies (77ms)
			RebuildTransferFunctionScriptingTraits (0ms)
			SetupTypeCache (223ms)
			ReleaseScriptCaches (2ms)
			RebuildScriptCaches (47ms)
			SetupLoadedEditorAssemblies (418ms)
				LogAssemblyErrors (0ms)
				InitializePlatformSupportModulesInManaged (12ms)
				SetLoadedEditorAssemblies (0ms)
				RefreshPlugins (1ms)
				BeforeProcessingInitializeOnLoad (101ms)
				ProcessInitializeOnLoadAttributes (224ms)
				ProcessInitializeOnLoadMethodAttributes (71ms)
				AfterProcessingInitializeOnLoad (8ms)
				EditorAssembliesLoaded (0ms)
			ExecutionOrderSort2 (0ms)
			AwakeInstancesAfterBackupRestoration (10ms)
Platform modules already initialized, skipping
Refreshing native plugins compatible for Editor in 3.35 ms, found 6 plugins.
Preloading 0 native plugins for Editor in 0.00 ms.
Unloading 4621 Unused Serialized files (Serialized files now loaded: 0)
Unloading 33 unused Assets / (138.3 KB). Loaded Objects now: 5162.
Memory consumption went from 269.8 MB to 269.7 MB.
Total: 3.053300 ms (FindLiveObjects: 0.346800 ms CreateObjectMapping: 0.118100 ms MarkObjects: 2.471200 ms  DeleteObjects: 0.116500 ms)

AssetImportParameters requested are different than current active one (requested -> active):
  custom:video-decoder-ogg-theora: a1e56fd34408186e4bbccfd4996cb3dc -> 
  custom:container-muxer-webm: aa71ff27fc2769a1b78a27578f13a17b -> 
  custom:container-demuxer-webm: 4f35f7cbe854078d1ac9338744f61a02 -> 
  custom:video-encoder-webm-vp8: eb34c28f22e8b96e1ab97ce403110664 -> 
  custom:audio-encoder-webm-vorbis: bf7c407c2cedff20999df2af8eb42d56 -> 
  custom:framework-win-MediaFoundation: 216162199b28c13a410421893ffa2e32 -> 
  custom:container-demuxer-ogg: 62fdf1f143b41e24485cea50d1cbac27 -> 
  custom:video-decoder-webm-vp8: 9c59270c3fd7afecdb556c50c9e8de78 -> 
  custom:audio-decoder-ogg-vorbis: bf7c407c2cedff20999df2af8eb42d56 -> 
========================================================================
Received Prepare
Registering precompiled user dll's ...
Registered in 0.006716 seconds.
Begin MonoManager ReloadAssembly
Symbol file LoadedFromMemory doesn't match image C:\Users\reyor\Secreto\Library\PackageCache\com.unity.visualscripting@1.7.8\Editor\VisualScripting.Core\Dependencies\YamlDotNet\Unity.VisualScripting.YamlDotNet.dll
Symbol file LoadedFromMemory doesn't match image C:\Users\reyor\Secreto\Library\PackageCache\com.unity.visualscripting@1.7.8\Editor\VisualScripting.Core\Dependencies\DotNetZip\Unity.VisualScripting.IonicZip.dll
Native extension for WindowsStandalone target not found
Native extension for WebGL target not found
Refreshing native plugins compatible for Editor in 1.28 ms, found 6 plugins.
Preloading 0 native plugins for Editor in 0.00 ms.
Mono: successfully reloaded assembly
- Completed reload, in  0.967 seconds
Domain Reload Profiling:
	ReloadAssembly (968ms)
		BeginReloadAssembly (124ms)
			ExecutionOrderSort (0ms)
			DisableScriptedObjects (5ms)
			BackupInstance (0ms)
			ReleaseScriptingObjects (0ms)
			CreateAndSetChildDomain (44ms)
		EndReloadAssembly (765ms)
			LoadAssemblies (75ms)
			RebuildTransferFunctionScriptingTraits (0ms)
			SetupTypeCache (204ms)
			ReleaseScriptCaches (2ms)
			RebuildScriptCaches (41ms)
			SetupLoadedEditorAssemblies (355ms)
				LogAssemblyErrors (0ms)
				InitializePlatformSupportModulesInManaged (13ms)
				SetLoadedEditorAssemblies (1ms)
				RefreshPlugins (1ms)
				BeforeProcessingInitializeOnLoad (74ms)
				ProcessInitializeOnLoadAttributes (227ms)
				ProcessInitializeOnLoadMethodAttributes (34ms)
				AfterProcessingInitializeOnLoad (5ms)
				EditorAssembliesLoaded (0ms)
			ExecutionOrderSort2 (0ms)
			AwakeInstancesAfterBackupRestoration (7ms)
Platform modules already initialized, skipping
Refreshing native plugins compatible for Editor in 2.97 ms, found 6 plugins.
Preloading 0 native plugins for Editor in 0.00 ms.
Unloading 4621 Unused Serialized files (Serialized files now loaded: 0)
Unloading 33 unused Assets / (139.4 KB). Loaded Objects now: 5165.
Memory consumption went from 269.8 MB to 269.7 MB.
Total: 3.386700 ms (FindLiveObjects: 0.368700 ms CreateObjectMapping: 0.115100 ms MarkObjects: 2.768200 ms  DeleteObjects: 0.133800 ms)

AssetImportParameters requested are different than current active one (requested -> active):
  custom:video-decoder-ogg-theora: a1e56fd34408186e4bbccfd4996cb3dc -> 
  custom:container-muxer-webm: aa71ff27fc2769a1b78a27578f13a17b -> 
  custom:container-demuxer-webm: 4f35f7cbe854078d1ac9338744f61a02 -> 
  custom:video-encoder-webm-vp8: eb34c28f22e8b96e1ab97ce403110664 -> 
  custom:audio-encoder-webm-vorbis: bf7c407c2cedff20999df2af8eb42d56 -> 
  custom:framework-win-MediaFoundation: 216162199b28c13a410421893ffa2e32 -> 
  custom:container-demuxer-ogg: 62fdf1f143b41e24485cea50d1cbac27 -> 
  custom:video-decoder-webm-vp8: 9c59270c3fd7afecdb556c50c9e8de78 -> 
  custom:audio-decoder-ogg-vorbis: bf7c407c2cedff20999df2af8eb42d56 -> 
========================================================================
Received Prepare
Registering precompiled user dll's ...
Registered in 0.005768 seconds.
Begin MonoManager ReloadAssembly
Symbol file LoadedFromMemory doesn't match image C:\Users\reyor\Secreto\Library\PackageCache\com.unity.visualscripting@1.7.8\Editor\VisualScripting.Core\Dependencies\YamlDotNet\Unity.VisualScripting.YamlDotNet.dll
Symbol file LoadedFromMemory doesn't match image C:\Users\reyor\Secreto\Library\PackageCache\com.unity.visualscripting@1.7.8\Editor\VisualScripting.Core\Dependencies\DotNetZip\Unity.VisualScripting.IonicZip.dll
Native extension for WindowsStandalone target not found
Native extension for WebGL target not found
Refreshing native plugins compatible for Editor in 0.91 ms, found 6 plugins.
Preloading 0 native plugins for Editor in 0.00 ms.
Mono: successfully reloaded assembly
- Completed reload, in  0.837 seconds
Domain Reload Profiling:
	ReloadAssembly (838ms)
		BeginReloadAssembly (113ms)
			ExecutionOrderSort (0ms)
			DisableScriptedObjects (5ms)
			BackupInstance (0ms)
			ReleaseScriptingObjects (0ms)
			CreateAndSetChildDomain (36ms)
		EndReloadAssembly (647ms)
			LoadAssemblies (76ms)
			RebuildTransferFunctionScriptingTraits (0ms)
			SetupTypeCache (183ms)
			ReleaseScriptCaches (2ms)
			RebuildScriptCaches (35ms)
			SetupLoadedEditorAssemblies (306ms)
				LogAssemblyErrors (0ms)
				InitializePlatformSupportModulesInManaged (11ms)
				SetLoadedEditorAssemblies (0ms)
				RefreshPlugins (1ms)
				BeforeProcessingInitializeOnLoad (58ms)
				ProcessInitializeOnLoadAttributes (198ms)
				ProcessInitializeOnLoadMethodAttributes (32ms)
				AfterProcessingInitializeOnLoad (6ms)
				EditorAssembliesLoaded (0ms)
			ExecutionOrderSort2 (0ms)
			AwakeInstancesAfterBackupRestoration (8ms)
Platform modules already initialized, skipping
Refreshing native plugins compatible for Editor in 2.87 ms, found 6 plugins.
Preloading 0 native plugins for Editor in 0.00 ms.
Unloading 4621 Unused Serialized files (Serialized files now loaded: 0)
Unloading 33 unused Assets / (138.4 KB). Loaded Objects now: 5168.
Memory consumption went from 269.8 MB to 269.7 MB.
Total: 3.557400 ms (FindLiveObjects: 0.294800 ms CreateObjectMapping: 0.241300 ms MarkObjects: 2.855000 ms  DeleteObjects: 0.165200 ms)

AssetImportParameters requested are different than current active one (requested -> active):
  custom:video-decoder-ogg-theora: a1e56fd34408186e4bbccfd4996cb3dc -> 
  custom:container-muxer-webm: aa71ff27fc2769a1b78a27578f13a17b -> 
  custom:container-demuxer-webm: 4f35f7cbe854078d1ac9338744f61a02 -> 
  custom:video-encoder-webm-vp8: eb34c28f22e8b96e1ab97ce403110664 -> 
  custom:audio-encoder-webm-vorbis: bf7c407c2cedff20999df2af8eb42d56 -> 
  custom:framework-win-MediaFoundation: 216162199b28c13a410421893ffa2e32 -> 
  custom:container-demuxer-ogg: 62fdf1f143b41e24485cea50d1cbac27 -> 
  custom:video-decoder-webm-vp8: 9c59270c3fd7afecdb556c50c9e8de78 -> 
  custom:audio-decoder-ogg-vorbis: bf7c407c2cedff20999df2af8eb42d56 -> 
========================================================================
Received Prepare
Registering precompiled user dll's ...
Registered in 0.006087 seconds.
Begin MonoManager ReloadAssembly
Symbol file LoadedFromMemory doesn't match image C:\Users\reyor\Secreto\Library\PackageCache\com.unity.visualscripting@1.7.8\Editor\VisualScripting.Core\Dependencies\YamlDotNet\Unity.VisualScripting.YamlDotNet.dll
Symbol file LoadedFromMemory doesn't match image C:\Users\reyor\Secreto\Library\PackageCache\com.unity.visualscripting@1.7.8\Editor\VisualScripting.Core\Dependencies\DotNetZip\Unity.VisualScripting.IonicZip.dll
Native extension for WindowsStandalone target not found
Native extension for WebGL target not found
Refreshing native plugins compatible for Editor in 1.32 ms, found 6 plugins.
Preloading 0 native plugins for Editor in 0.00 ms.
Mono: successfully reloaded assembly
- Completed reload, in  0.996 seconds
Domain Reload Profiling:
	ReloadAssembly (997ms)
		BeginReloadAssembly (122ms)
			ExecutionOrderSort (0ms)
			DisableScriptedObjects (8ms)
			BackupInstance (0ms)
			ReleaseScriptingObjects (0ms)
			CreateAndSetChildDomain (41ms)
		EndReloadAssembly (783ms)
			LoadAssemblies (78ms)
			RebuildTransferFunctionScriptingTraits (0ms)
			SetupTypeCache (229ms)
			ReleaseScriptCaches (2ms)
			RebuildScriptCaches (46ms)
			SetupLoadedEditorAssemblies (372ms)
				LogAssemblyErrors (0ms)
				InitializePlatformSupportModulesInManaged (15ms)
				SetLoadedEditorAssemblies (0ms)
				RefreshPlugins (1ms)
				BeforeProcessingInitializeOnLoad (72ms)
				ProcessInitializeOnLoadAttributes (238ms)
				ProcessInitializeOnLoadMethodAttributes (37ms)
				AfterProcessingInitializeOnLoad (7ms)
				EditorAssembliesLoaded (0ms)
			ExecutionOrderSort2 (0ms)
			AwakeInstancesAfterBackupRestoration (9ms)
Platform modules already initialized, skipping
Refreshing native plugins compatible for Editor in 2.94 ms, found 6 plugins.
Preloading 0 native plugins for Editor in 0.00 ms.
Unloading 4621 Unused Serialized files (Serialized files now loaded: 0)
Unloading 33 unused Assets / (138.4 KB). Loaded Objects now: 5171.
Memory consumption went from 269.8 MB to 269.7 MB.
Total: 4.485300 ms (FindLiveObjects: 0.484600 ms CreateObjectMapping: 0.146700 ms MarkObjects: 3.707900 ms  DeleteObjects: 0.144700 ms)

AssetImportParameters requested are different than current active one (requested -> active):
  custom:video-decoder-ogg-theora: a1e56fd34408186e4bbccfd4996cb3dc -> 
  custom:container-muxer-webm: aa71ff27fc2769a1b78a27578f13a17b -> 
  custom:container-demuxer-webm: 4f35f7cbe854078d1ac9338744f61a02 -> 
  custom:video-encoder-webm-vp8: eb34c28f22e8b96e1ab97ce403110664 -> 
  custom:audio-encoder-webm-vorbis: bf7c407c2cedff20999df2af8eb42d56 -> 
  custom:framework-win-MediaFoundation: 216162199b28c13a410421893ffa2e32 -> 
  custom:container-demuxer-ogg: 62fdf1f143b41e24485cea50d1cbac27 -> 
  custom:video-decoder-webm-vp8: 9c59270c3fd7afecdb556c50c9e8de78 -> 
  custom:audio-decoder-ogg-vorbis: bf7c407c2cedff20999df2af8eb42d56 -> 
========================================================================
Received Import Request.
  Time since last request: 18.234513 seconds.
  path: Assets/Prefab/Plataformas/PlayerInputHandler.prefab
  artifactKey: Guid(1a34106177ff06c46b44a1a74bf779e8) Importer(815301076,1909f56bfc062723c751e8b465ee728b)
Start importing Assets/Prefab/Plataformas/PlayerInputHandler.prefab using Guid(1a34106177ff06c46b44a1a74bf779e8) Importer(815301076,1909f56bfc062723c751e8b465ee728b)  -> (artifact id: '349f2356cf3937fa6fcf7a86b176730e') in 0.069672 seconds 
========================================================================
Received Import Request.
  Time since last request: 119.869990 seconds.
  path: Assets/Prefab/Plataformas/PlayerInputHandler.prefab
  artifactKey: Guid(1a34106177ff06c46b44a1a74bf779e8) Importer(815301076,1909f56bfc062723c751e8b465ee728b)
Start importing Assets/Prefab/Plataformas/PlayerInputHandler.prefab using Guid(1a34106177ff06c46b44a1a74bf779e8) Importer(815301076,1909f56bfc062723c751e8b465ee728b)  -> (artifact id: '3d40edc02130ec54ab7054e22a1f5f6a') in 0.016181 seconds 
========================================================================
Received Import Request.
  Time since last request: 8.190197 seconds.
  path: Assets/Prefab/Plataformas/PlayerInputHandler.prefab
  artifactKey: Guid(1a34106177ff06c46b44a1a74bf779e8) Importer(815301076,1909f56bfc062723c751e8b465ee728b)
Start importing Assets/Prefab/Plataformas/PlayerInputHandler.prefab using Guid(1a34106177ff06c46b44a1a74bf779e8) Importer(815301076,1909f56bfc062723c751e8b465ee728b)  -> (artifact id: '56f946b4ac7c4c25e837992bbf780981') in 0.024789 seconds 
========================================================================
Received Import Request.
  Time since last request: 2.798934 seconds.
  path: Assets/Prefab/Plataformas/PlayerInputHandler.prefab
  artifactKey: Guid(1a34106177ff06c46b44a1a74bf779e8) Importer(815301076,1909f56bfc062723c751e8b465ee728b)
Start importing Assets/Prefab/Plataformas/PlayerInputHandler.prefab using Guid(1a34106177ff06c46b44a1a74bf779e8) Importer(815301076,1909f56bfc062723c751e8b465ee728b)  -> (artifact id: 'e76aa92b5ef5af8c7d6f8a53f74c0ce3') in 0.023836 seconds 
========================================================================
Received Import Request.
  Time since last request: 9.288119 seconds.
  path: Assets/Prefab/Plataformas/PlayerInputHandler.prefab
  artifactKey: Guid(1a34106177ff06c46b44a1a74bf779e8) Importer(815301076,1909f56bfc062723c751e8b465ee728b)
Start importing Assets/Prefab/Plataformas/PlayerInputHandler.prefab using Guid(1a34106177ff06c46b44a1a74bf779e8) Importer(815301076,1909f56bfc062723c751e8b465ee728b)  -> (artifact id: '7638bbfa98a5c0a35aaba01f388c45f2') in 0.016300 seconds 
========================================================================
Received Import Request.
  Time since last request: 3.202868 seconds.
  path: Assets/Prefab/Plataformas/PlayerInputHandler.prefab
  artifactKey: Guid(1a34106177ff06c46b44a1a74bf779e8) Importer(815301076,1909f56bfc062723c751e8b465ee728b)
Start importing Assets/Prefab/Plataformas/PlayerInputHandler.prefab using Guid(1a34106177ff06c46b44a1a74bf779e8) Importer(815301076,1909f56bfc062723c751e8b465ee728b)  -> (artifact id: '69d14b53877e5b9d39cd3696a82cbd99') in 0.013938 seconds 
========================================================================
Received Import Request.
  Time since last request: 12.280668 seconds.
  path: Assets/Prefab/Plataformas/PlayerInputHandler.prefab
  artifactKey: Guid(1a34106177ff06c46b44a1a74bf779e8) Importer(815301076,1909f56bfc062723c751e8b465ee728b)
Start importing Assets/Prefab/Plataformas/PlayerInputHandler.prefab using Guid(1a34106177ff06c46b44a1a74bf779e8) Importer(815301076,1909f56bfc062723c751e8b465ee728b)  -> (artifact id: 'dc560eb886cddff2f8cc4c175f0a9ed1') in 0.016323 seconds 
========================================================================
Received Import Request.
  Time since last request: 7.898782 seconds.
  path: Assets/Prefab/Plataformas/PlayerInputHandler.prefab
  artifactKey: Guid(1a34106177ff06c46b44a1a74bf779e8) Importer(815301076,1909f56bfc062723c751e8b465ee728b)
Start importing Assets/Prefab/Plataformas/PlayerInputHandler.prefab using Guid(1a34106177ff06c46b44a1a74bf779e8) Importer(815301076,1909f56bfc062723c751e8b465ee728b)  -> (artifact id: 'f5aa9e676577041724a2e25fc3976d8d') in 0.017211 seconds 
========================================================================
Received Import Request.
  Time since last request: 15.133760 seconds.
  path: Assets/Prefab/Plataformas/PlayerInputHandler.prefab
  artifactKey: Guid(1a34106177ff06c46b44a1a74bf779e8) Importer(815301076,1909f56bfc062723c751e8b465ee728b)
Start importing Assets/Prefab/Plataformas/PlayerInputHandler.prefab using Guid(1a34106177ff06c46b44a1a74bf779e8) Importer(815301076,1909f56bfc062723c751e8b465ee728b)  -> (artifact id: 'a0d04f9efec9aaab9961e646850a1e52') in 0.014340 seconds 
========================================================================
Received Prepare
Registering precompiled user dll's ...
Registered in 0.006384 seconds.
Begin MonoManager ReloadAssembly
Symbol file LoadedFromMemory doesn't match image C:\Users\reyor\Secreto\Library\PackageCache\com.unity.visualscripting@1.7.8\Editor\VisualScripting.Core\Dependencies\YamlDotNet\Unity.VisualScripting.YamlDotNet.dll
Symbol file LoadedFromMemory doesn't match image C:\Users\reyor\Secreto\Library\PackageCache\com.unity.visualscripting@1.7.8\Editor\VisualScripting.Core\Dependencies\DotNetZip\Unity.VisualScripting.IonicZip.dll
Native extension for WindowsStandalone target not found
Native extension for WebGL target not found
Refreshing native plugins compatible for Editor in 0.79 ms, found 6 plugins.
Preloading 0 native plugins for Editor in 0.00 ms.
Mono: successfully reloaded assembly
- Completed reload, in  0.989 seconds
Domain Reload Profiling:
	ReloadAssembly (990ms)
		BeginReloadAssembly (118ms)
			ExecutionOrderSort (0ms)
			DisableScriptedObjects (7ms)
			BackupInstance (0ms)
			ReleaseScriptingObjects (0ms)
			CreateAndSetChildDomain (37ms)
		EndReloadAssembly (780ms)
			LoadAssemblies (80ms)
			RebuildTransferFunctionScriptingTraits (0ms)
			SetupTypeCache (228ms)
			ReleaseScriptCaches (2ms)
			RebuildScriptCaches (50ms)
			SetupLoadedEditorAssemblies (368ms)
				LogAssemblyErrors (0ms)
				InitializePlatformSupportModulesInManaged (13ms)
				SetLoadedEditorAssemblies (0ms)
				RefreshPlugins (1ms)
				BeforeProcessingInitializeOnLoad (68ms)
				ProcessInitializeOnLoadAttributes (241ms)
				ProcessInitializeOnLoadMethodAttributes (38ms)
				AfterProcessingInitializeOnLoad (6ms)
				EditorAssembliesLoaded (0ms)
			ExecutionOrderSort2 (0ms)
			AwakeInstancesAfterBackupRestoration (8ms)
Platform modules already initialized, skipping
Refreshing native plugins compatible for Editor in 3.24 ms, found 6 plugins.
Preloading 0 native plugins for Editor in 0.00 ms.
Unloading 4621 Unused Serialized files (Serialized files now loaded: 0)
Unloading 33 unused Assets / (139.5 KB). Loaded Objects now: 5174.
Memory consumption went from 269.9 MB to 269.7 MB.
Total: 3.456400 ms (FindLiveObjects: 0.408800 ms CreateObjectMapping: 0.164300 ms MarkObjects: 2.744300 ms  DeleteObjects: 0.137800 ms)

AssetImportParameters requested are different than current active one (requested -> active):
  custom:video-decoder-ogg-theora: a1e56fd34408186e4bbccfd4996cb3dc -> 
  custom:container-muxer-webm: aa71ff27fc2769a1b78a27578f13a17b -> 
  custom:container-demuxer-webm: 4f35f7cbe854078d1ac9338744f61a02 -> 
  custom:video-encoder-webm-vp8: eb34c28f22e8b96e1ab97ce403110664 -> 
  custom:audio-encoder-webm-vorbis: bf7c407c2cedff20999df2af8eb42d56 -> 
  custom:framework-win-MediaFoundation: 216162199b28c13a410421893ffa2e32 -> 
  custom:container-demuxer-ogg: 62fdf1f143b41e24485cea50d1cbac27 -> 
  custom:video-decoder-webm-vp8: 9c59270c3fd7afecdb556c50c9e8de78 -> 
  custom:audio-decoder-ogg-vorbis: bf7c407c2cedff20999df2af8eb42d56 -> 
========================================================================
Received Import Request.
  Time since last request: 56.331802 seconds.
  path: Assets/Prefab/Plataformas/PlayerInputHandler.prefab
  artifactKey: Guid(1a34106177ff06c46b44a1a74bf779e8) Importer(815301076,1909f56bfc062723c751e8b465ee728b)
Start importing Assets/Prefab/Plataformas/PlayerInputHandler.prefab using Guid(1a34106177ff06c46b44a1a74bf779e8) Importer(815301076,1909f56bfc062723c751e8b465ee728b)  -> (artifact id: '5ccdb37a3a7f5a04c13bda45adcc430b') in 0.058751 seconds 
========================================================================
Received Import Request.
  Time since last request: 1.307847 seconds.
  path: Assets/Prefab/Plataformas/PlayerInputHandler.prefab
  artifactKey: Guid(1a34106177ff06c46b44a1a74bf779e8) Importer(815301076,1909f56bfc062723c751e8b465ee728b)
Start importing Assets/Prefab/Plataformas/PlayerInputHandler.prefab using Guid(1a34106177ff06c46b44a1a74bf779e8) Importer(815301076,1909f56bfc062723c751e8b465ee728b)  -> (artifact id: 'f2baf4461c492a6041090defd242b14f') in 0.017945 seconds 
========================================================================
Received Import Request.
  Time since last request: 4.210464 seconds.
  path: Assets/Prefab/Plataformas/PlayerInputHandler.prefab
  artifactKey: Guid(1a34106177ff06c46b44a1a74bf779e8) Importer(815301076,1909f56bfc062723c751e8b465ee728b)
Start importing Assets/Prefab/Plataformas/PlayerInputHandler.prefab using Guid(1a34106177ff06c46b44a1a74bf779e8) Importer(815301076,1909f56bfc062723c751e8b465ee728b)  -> (artifact id: '6bc3e723a7d319fd2dbaee53081f8855') in 0.016154 seconds 
========================================================================
Received Import Request.
  Time since last request: 7.254745 seconds.
  path: Assets/Prefab/Plataformas/PlayerInputHandler.prefab
  artifactKey: Guid(1a34106177ff06c46b44a1a74bf779e8) Importer(815301076,1909f56bfc062723c751e8b465ee728b)
Start importing Assets/Prefab/Plataformas/PlayerInputHandler.prefab using Guid(1a34106177ff06c46b44a1a74bf779e8) Importer(815301076,1909f56bfc062723c751e8b465ee728b)  -> (artifact id: 'd8ff304a4bdd64dabd7ea23e2d14c357') in 0.021479 seconds 
========================================================================
Received Import Request.
  Time since last request: 3.603867 seconds.
  path: Assets/Prefab/Plataformas/PlayerInputHandler.prefab
  artifactKey: Guid(1a34106177ff06c46b44a1a74bf779e8) Importer(815301076,1909f56bfc062723c751e8b465ee728b)
Start importing Assets/Prefab/Plataformas/PlayerInputHandler.prefab using Guid(1a34106177ff06c46b44a1a74bf779e8) Importer(815301076,1909f56bfc062723c751e8b465ee728b)  -> (artifact id: '87cda3f9cca6b131fdab623ea4f4a028') in 0.017984 seconds 
========================================================================
Received Import Request.
  Time since last request: 13.743778 seconds.
  path: Assets/Prefab/Plataformas/PlayerInputHandler.prefab
  artifactKey: Guid(1a34106177ff06c46b44a1a74bf779e8) Importer(815301076,1909f56bfc062723c751e8b465ee728b)
Start importing Assets/Prefab/Plataformas/PlayerInputHandler.prefab using Guid(1a34106177ff06c46b44a1a74bf779e8) Importer(815301076,1909f56bfc062723c751e8b465ee728b)  -> (artifact id: 'b3251d57b15cb1923fb9a25c04b214ed') in 0.015956 seconds 
========================================================================
Received Import Request.
  Time since last request: 4.420516 seconds.
  path: Assets/Prefab/Plataformas/PlayerInputHandler.prefab
  artifactKey: Guid(1a34106177ff06c46b44a1a74bf779e8) Importer(815301076,1909f56bfc062723c751e8b465ee728b)
Start importing Assets/Prefab/Plataformas/PlayerInputHandler.prefab using Guid(1a34106177ff06c46b44a1a74bf779e8) Importer(815301076,1909f56bfc062723c751e8b465ee728b)  -> (artifact id: 'dd98c9baa032e9feeac34cdbce1cc2df') in 0.013785 seconds 
========================================================================
Received Import Request.
  Time since last request: 2.420124 seconds.
  path: Assets/Prefab/Plataformas/PlayerInputHandler.prefab
  artifactKey: Guid(1a34106177ff06c46b44a1a74bf779e8) Importer(815301076,1909f56bfc062723c751e8b465ee728b)
Start importing Assets/Prefab/Plataformas/PlayerInputHandler.prefab using Guid(1a34106177ff06c46b44a1a74bf779e8) Importer(815301076,1909f56bfc062723c751e8b465ee728b)  -> (artifact id: 'bce83bf529b5ef1306738fc9d7fa81a8') in 0.015476 seconds 
========================================================================
Received Import Request.
  Time since last request: 2.196961 seconds.
  path: Assets/Prefab/Plataformas/PlayerInputHandler.prefab
  artifactKey: Guid(1a34106177ff06c46b44a1a74bf779e8) Importer(815301076,1909f56bfc062723c751e8b465ee728b)
Start importing Assets/Prefab/Plataformas/PlayerInputHandler.prefab using Guid(1a34106177ff06c46b44a1a74bf779e8) Importer(815301076,1909f56bfc062723c751e8b465ee728b)  -> (artifact id: '1d24f049f0fe63a40d0e48ba310b9472') in 0.014234 seconds 
========================================================================
Received Import Request.
  Time since last request: 5.228887 seconds.
  path: Assets/Prefab/Plataformas/PlayerInputHandler.prefab
  artifactKey: Guid(1a34106177ff06c46b44a1a74bf779e8) Importer(815301076,1909f56bfc062723c751e8b465ee728b)
Start importing Assets/Prefab/Plataformas/PlayerInputHandler.prefab using Guid(1a34106177ff06c46b44a1a74bf779e8) Importer(815301076,1909f56bfc062723c751e8b465ee728b)  -> (artifact id: '7d9e7f5684ea5b9a4b2e545063d6f71c') in 0.014424 seconds 
========================================================================
Received Import Request.
  Time since last request: 3.006076 seconds.
  path: Assets/Prefab/Plataformas/PlayerInputHandler.prefab
  artifactKey: Guid(1a34106177ff06c46b44a1a74bf779e8) Importer(815301076,1909f56bfc062723c751e8b465ee728b)
Start importing Assets/Prefab/Plataformas/PlayerInputHandler.prefab using Guid(1a34106177ff06c46b44a1a74bf779e8) Importer(815301076,1909f56bfc062723c751e8b465ee728b)  -> (artifact id: '93a2e53976bf6af51695ba7ba4f53cab') in 0.016925 seconds 
========================================================================
Received Prepare
Registering precompiled user dll's ...
Registered in 0.005791 seconds.
Begin MonoManager ReloadAssembly
Symbol file LoadedFromMemory doesn't match image C:\Users\reyor\Secreto\Library\PackageCache\com.unity.visualscripting@1.7.8\Editor\VisualScripting.Core\Dependencies\YamlDotNet\Unity.VisualScripting.YamlDotNet.dll
Symbol file LoadedFromMemory doesn't match image C:\Users\reyor\Secreto\Library\PackageCache\com.unity.visualscripting@1.7.8\Editor\VisualScripting.Core\Dependencies\DotNetZip\Unity.VisualScripting.IonicZip.dll
Native extension for WindowsStandalone target not found
Native extension for WebGL target not found
Refreshing native plugins compatible for Editor in 1.54 ms, found 6 plugins.
Preloading 0 native plugins for Editor in 0.00 ms.
Mono: successfully reloaded assembly
- Completed reload, in  1.018 seconds
Domain Reload Profiling:
	ReloadAssembly (1018ms)
		BeginReloadAssembly (115ms)
			ExecutionOrderSort (0ms)
			DisableScriptedObjects (5ms)
			BackupInstance (0ms)
			ReleaseScriptingObjects (0ms)
			CreateAndSetChildDomain (39ms)
		EndReloadAssembly (817ms)
			LoadAssemblies (79ms)
			RebuildTransferFunctionScriptingTraits (0ms)
			SetupTypeCache (236ms)
			ReleaseScriptCaches (2ms)
			RebuildScriptCaches (46ms)
			SetupLoadedEditorAssemblies (387ms)
				LogAssemblyErrors (0ms)
				InitializePlatformSupportModulesInManaged (14ms)
				SetLoadedEditorAssemblies (1ms)
				RefreshPlugins (2ms)
				BeforeProcessingInitializeOnLoad (76ms)
				ProcessInitializeOnLoadAttributes (249ms)
				ProcessInitializeOnLoadMethodAttributes (39ms)
				AfterProcessingInitializeOnLoad (7ms)
				EditorAssembliesLoaded (0ms)
			ExecutionOrderSort2 (0ms)
			AwakeInstancesAfterBackupRestoration (10ms)
Platform modules already initialized, skipping
Refreshing native plugins compatible for Editor in 3.29 ms, found 6 plugins.
Preloading 0 native plugins for Editor in 0.00 ms.
Unloading 4621 Unused Serialized files (Serialized files now loaded: 0)
Unloading 33 unused Assets / (138.6 KB). Loaded Objects now: 5177.
Memory consumption went from 269.9 MB to 269.8 MB.
Total: 3.669700 ms (FindLiveObjects: 0.299300 ms CreateObjectMapping: 0.117500 ms MarkObjects: 3.115900 ms  DeleteObjects: 0.135800 ms)

AssetImportParameters requested are different than current active one (requested -> active):
  custom:video-decoder-ogg-theora: a1e56fd34408186e4bbccfd4996cb3dc -> 
  custom:container-muxer-webm: aa71ff27fc2769a1b78a27578f13a17b -> 
  custom:container-demuxer-webm: 4f35f7cbe854078d1ac9338744f61a02 -> 
  custom:video-encoder-webm-vp8: eb34c28f22e8b96e1ab97ce403110664 -> 
  custom:audio-encoder-webm-vorbis: bf7c407c2cedff20999df2af8eb42d56 -> 
  custom:framework-win-MediaFoundation: 216162199b28c13a410421893ffa2e32 -> 
  custom:container-demuxer-ogg: 62fdf1f143b41e24485cea50d1cbac27 -> 
  custom:video-decoder-webm-vp8: 9c59270c3fd7afecdb556c50c9e8de78 -> 
  custom:audio-decoder-ogg-vorbis: bf7c407c2cedff20999df2af8eb42d56 -> 
========================================================================
Received Import Request.
  Time since last request: 45.205590 seconds.
  path: Assets/Sprites/Personajes/Op3/CuadradoPersonaje.png
  artifactKey: Guid(e08972bec47095d41a6f42d19ffb1478) Importer(815301076,1909f56bfc062723c751e8b465ee728b)
Start importing Assets/Sprites/Personajes/Op3/CuadradoPersonaje.png using Guid(e08972bec47095d41a6f42d19ffb1478) Importer(815301076,1909f56bfc062723c751e8b465ee728b)  -> (artifact id: '48fbb7514f2fadd42a0360e9ef0b53fb') in 0.120190 seconds 
========================================================================
Received Import Request.
  Time since last request: 63.481581 seconds.
  path: Assets/Prefab/Plataformas/PlayerInputHandler.prefab
  artifactKey: Guid(1a34106177ff06c46b44a1a74bf779e8) Importer(815301076,1909f56bfc062723c751e8b465ee728b)
Start importing Assets/Prefab/Plataformas/PlayerInputHandler.prefab using Guid(1a34106177ff06c46b44a1a74bf779e8) Importer(815301076,1909f56bfc062723c751e8b465ee728b)  -> (artifact id: 'ec61dc21f83fcd641d7a43173d46b24f') in 0.030585 seconds 
========================================================================
Received Import Request.
  Time since last request: 79.197902 seconds.
  path: Assets/Sprites/Personajes/Op3/CuadradoPersonaje 1.png
  artifactKey: Guid(21838cb6c06ad9f4289a4ef72ebfc891) Importer(815301076,1909f56bfc062723c751e8b465ee728b)
Start importing Assets/Sprites/Personajes/Op3/CuadradoPersonaje 1.png using Guid(21838cb6c06ad9f4289a4ef72ebfc891) Importer(815301076,1909f56bfc062723c751e8b465ee728b)  -> (artifact id: 'a17cf907d69d05c06a6d0e7cacc63614') in 0.049782 seconds 
========================================================================
Received Import Request.
  Time since last request: 12.305220 seconds.
  path: Assets/Sprites/Personajes/Op3/CuadradoPersonaje 1.png
  artifactKey: Guid(21838cb6c06ad9f4289a4ef72ebfc891) Importer(815301076,1909f56bfc062723c751e8b465ee728b)
Start importing Assets/Sprites/Personajes/Op3/CuadradoPersonaje 1.png using Guid(21838cb6c06ad9f4289a4ef72ebfc891) Importer(815301076,1909f56bfc062723c751e8b465ee728b)  -> (artifact id: '1b7c742753056cd027ed275938403cef') in 0.046473 seconds 
========================================================================
Received Import Request.
  Time since last request: 40.196474 seconds.
  path: Assets/Prefab/Plataformas/PlayerInputHandler.prefab
  artifactKey: Guid(1a34106177ff06c46b44a1a74bf779e8) Importer(815301076,1909f56bfc062723c751e8b465ee728b)
Start importing Assets/Prefab/Plataformas/PlayerInputHandler.prefab using Guid(1a34106177ff06c46b44a1a74bf779e8) Importer(815301076,1909f56bfc062723c751e8b465ee728b)  -> (artifact id: 'cc43eec98683f325d81761bc78035dc3') in 0.018700 seconds 
========================================================================
Received Import Request.
  Time since last request: 5.419546 seconds.
  path: Assets/Prefab/Plataformas/PlayerInputHandler.prefab
  artifactKey: Guid(1a34106177ff06c46b44a1a74bf779e8) Importer(815301076,1909f56bfc062723c751e8b465ee728b)
Start importing Assets/Prefab/Plataformas/PlayerInputHandler.prefab using Guid(1a34106177ff06c46b44a1a74bf779e8) Importer(815301076,1909f56bfc062723c751e8b465ee728b)  -> (artifact id: '613fb19bde5af4595bc3c403c5217c4d') in 0.022630 seconds 
========================================================================
Received Import Request.
  Time since last request: 2.795230 seconds.
  path: Assets/Prefab/Plataformas/PlayerInputHandler.prefab
  artifactKey: Guid(1a34106177ff06c46b44a1a74bf779e8) Importer(815301076,1909f56bfc062723c751e8b465ee728b)
Start importing Assets/Prefab/Plataformas/PlayerInputHandler.prefab using Guid(1a34106177ff06c46b44a1a74bf779e8) Importer(815301076,1909f56bfc062723c751e8b465ee728b)  -> (artifact id: 'cc8a29f3bfbec35349147bf557ce18a0') in 0.016839 seconds 
========================================================================
Received Import Request.
  Time since last request: 13.067832 seconds.
  path: Assets/Sprites/Personajes/Op3/Cara 1.png
  artifactKey: Guid(dd357b43e9ced3241b97837bad5ad4c8) Importer(815301076,1909f56bfc062723c751e8b465ee728b)
Start importing Assets/Sprites/Personajes/Op3/Cara 1.png using Guid(dd357b43e9ced3241b97837bad5ad4c8) Importer(815301076,1909f56bfc062723c751e8b465ee728b)  -> (artifact id: '6ae2f07a94551c8561052b164ab0e8a6') in 0.021406 seconds 
========================================================================
Received Import Request.
  Time since last request: 8.334067 seconds.
  path: Assets/Sprites/Personajes/Op3/Cara 1.png
  artifactKey: Guid(dd357b43e9ced3241b97837bad5ad4c8) Importer(815301076,1909f56bfc062723c751e8b465ee728b)
Start importing Assets/Sprites/Personajes/Op3/Cara 1.png using Guid(dd357b43e9ced3241b97837bad5ad4c8) Importer(815301076,1909f56bfc062723c751e8b465ee728b)  -> (artifact id: 'e869cd55405551c8a09883f25d65936a') in 0.019467 seconds 
========================================================================
Received Prepare
Registering precompiled user dll's ...
Registered in 0.008441 seconds.
Begin MonoManager ReloadAssembly
Symbol file LoadedFromMemory doesn't match image C:\Users\reyor\Secreto\Library\PackageCache\com.unity.visualscripting@1.7.8\Editor\VisualScripting.Core\Dependencies\YamlDotNet\Unity.VisualScripting.YamlDotNet.dll
Symbol file LoadedFromMemory doesn't match image C:\Users\reyor\Secreto\Library\PackageCache\com.unity.visualscripting@1.7.8\Editor\VisualScripting.Core\Dependencies\DotNetZip\Unity.VisualScripting.IonicZip.dll
Native extension for WindowsStandalone target not found
Native extension for WebGL target not found
Refreshing native plugins compatible for Editor in 0.96 ms, found 6 plugins.
Preloading 0 native plugins for Editor in 0.00 ms.
Mono: successfully reloaded assembly
- Completed reload, in  0.967 seconds
Domain Reload Profiling:
	ReloadAssembly (967ms)
		BeginReloadAssembly (113ms)
			ExecutionOrderSort (0ms)
			DisableScriptedObjects (5ms)
			BackupInstance (0ms)
			ReleaseScriptingObjects (0ms)
			CreateAndSetChildDomain (36ms)
		EndReloadAssembly (777ms)
			LoadAssemblies (77ms)
			RebuildTransferFunctionScriptingTraits (0ms)
			SetupTypeCache (222ms)
			ReleaseScriptCaches (2ms)
			RebuildScriptCaches (51ms)
			SetupLoadedEditorAssemblies (362ms)
				LogAssemblyErrors (0ms)
				InitializePlatformSupportModulesInManaged (12ms)
				SetLoadedEditorAssemblies (0ms)
				RefreshPlugins (1ms)
				BeforeProcessingInitializeOnLoad (65ms)
				ProcessInitializeOnLoadAttributes (238ms)
				ProcessInitializeOnLoadMethodAttributes (37ms)
				AfterProcessingInitializeOnLoad (7ms)
				EditorAssembliesLoaded (0ms)
			ExecutionOrderSort2 (0ms)
			AwakeInstancesAfterBackupRestoration (8ms)
Platform modules already initialized, skipping
Refreshing native plugins compatible for Editor in 3.41 ms, found 6 plugins.
Preloading 0 native plugins for Editor in 0.00 ms.
Unloading 4621 Unused Serialized files (Serialized files now loaded: 0)
Unloading 33 unused Assets / (138.4 KB). Loaded Objects now: 5187.
Memory consumption went from 269.9 MB to 269.8 MB.
Total: 3.173600 ms (FindLiveObjects: 0.331700 ms CreateObjectMapping: 0.121600 ms MarkObjects: 2.594900 ms  DeleteObjects: 0.124600 ms)

AssetImportParameters requested are different than current active one (requested -> active):
  custom:video-decoder-ogg-theora: a1e56fd34408186e4bbccfd4996cb3dc -> 
  custom:container-muxer-webm: aa71ff27fc2769a1b78a27578f13a17b -> 
  custom:container-demuxer-webm: 4f35f7cbe854078d1ac9338744f61a02 -> 
  custom:video-encoder-webm-vp8: eb34c28f22e8b96e1ab97ce403110664 -> 
  custom:audio-encoder-webm-vorbis: bf7c407c2cedff20999df2af8eb42d56 -> 
  custom:framework-win-MediaFoundation: 216162199b28c13a410421893ffa2e32 -> 
  custom:container-demuxer-ogg: 62fdf1f143b41e24485cea50d1cbac27 -> 
  custom:video-decoder-webm-vp8: 9c59270c3fd7afecdb556c50c9e8de78 -> 
  custom:audio-decoder-ogg-vorbis: bf7c407c2cedff20999df2af8eb42d56 -> 
========================================================================
Received Import Request.
  Time since last request: 120.022526 seconds.
  path: Assets/Scenes/Carreras.unity
  artifactKey: Guid(950a75bf79056e94ca67cc93f7b802b7) Importer(815301076,1909f56bfc062723c751e8b465ee728b)
Start importing Assets/Scenes/Carreras.unity using Guid(950a75bf79056e94ca67cc93f7b802b7) Importer(815301076,1909f56bfc062723c751e8b465ee728b)  -> (artifact id: '70147ec2e499c7d1f4facc7b81a91b37') in 0.011276 seconds 
========================================================================
Received Import Request.
  Time since last request: 1.883785 seconds.
  path: Assets/Scenes/Plataformas.unity
  artifactKey: Guid(9d8dc89d5ac334c458f84a9a62eda046) Importer(815301076,1909f56bfc062723c751e8b465ee728b)
Start importing Assets/Scenes/Plataformas.unity using Guid(9d8dc89d5ac334c458f84a9a62eda046) Importer(815301076,1909f56bfc062723c751e8b465ee728b)  -> (artifact id: 'fdac73474dc10adb736fba2eaa89e826') in 0.002018 seconds 
========================================================================
Received Import Request.
  Time since last request: 31.490816 seconds.
  path: Assets/Prefab/Plataformas/PlayerInputHandler.prefab
  artifactKey: Guid(1a34106177ff06c46b44a1a74bf779e8) Importer(815301076,1909f56bfc062723c751e8b465ee728b)
Start importing Assets/Prefab/Plataformas/PlayerInputHandler.prefab using Guid(1a34106177ff06c46b44a1a74bf779e8) Importer(815301076,1909f56bfc062723c751e8b465ee728b)  -> (artifact id: '13a36380128a4c542b0e2650495952cf') in 0.050916 seconds 
========================================================================
Received Import Request.
  Time since last request: 7.710498 seconds.
  path: Assets/Prefab/Plataformas/PlayerInputHandler.prefab
  artifactKey: Guid(1a34106177ff06c46b44a1a74bf779e8) Importer(815301076,1909f56bfc062723c751e8b465ee728b)
Start importing Assets/Prefab/Plataformas/PlayerInputHandler.prefab using Guid(1a34106177ff06c46b44a1a74bf779e8) Importer(815301076,1909f56bfc062723c751e8b465ee728b)  -> (artifact id: '09c6aa8e087119d2dae2e22fae4834bb') in 0.018781 seconds 
========================================================================
Received Import Request.
  Time since last request: 3.397042 seconds.
  path: Assets/Prefab/Plataformas/PlayerInputHandler.prefab
  artifactKey: Guid(1a34106177ff06c46b44a1a74bf779e8) Importer(815301076,1909f56bfc062723c751e8b465ee728b)
Start importing Assets/Prefab/Plataformas/PlayerInputHandler.prefab using Guid(1a34106177ff06c46b44a1a74bf779e8) Importer(815301076,1909f56bfc062723c751e8b465ee728b)  -> (artifact id: '6bc792dae277eda76f17f4fe1a50d443') in 0.027770 seconds 
